<?xml version="1.0" encoding="UTF-8"?>
<testsuite name="com.newton.aaw.hr.HumanResoursesApplicationTests" tests="1" skipped="0" failures="0" errors="0" timestamp="2021-09-21T02:30:04" hostname="LZGUI" time="0.297">
  <properties/>
  <testcase name="contextLoads()" classname="com.newton.aaw.hr.HumanResoursesApplicationTests" time="0.297"/>
  <system-out><![CDATA[23:30:02.255 [Test worker] DEBUG org.springframework.test.context.BootstrapUtils - Instantiating CacheAwareContextLoaderDelegate from class [org.springframework.test.context.cache.DefaultCacheAwareContextLoaderDelegate]
23:30:02.266 [Test worker] DEBUG org.springframework.test.context.BootstrapUtils - Instantiating BootstrapContext using constructor [public org.springframework.test.context.support.DefaultBootstrapContext(java.lang.Class,org.springframework.test.context.CacheAwareContextLoaderDelegate)]
23:30:02.295 [Test worker] DEBUG org.springframework.test.context.BootstrapUtils - Instantiating TestContextBootstrapper for test class [com.newton.aaw.hr.HumanResoursesApplicationTests] from class [org.springframework.boot.test.context.SpringBootTestContextBootstrapper]
23:30:02.305 [Test worker] INFO org.springframework.boot.test.context.SpringBootTestContextBootstrapper - Neither @ContextConfiguration nor @ContextHierarchy found for test class [com.newton.aaw.hr.HumanResoursesApplicationTests], using SpringBootContextLoader
23:30:02.308 [Test worker] DEBUG org.springframework.test.context.support.AbstractContextLoader - Did not detect default resource location for test class [com.newton.aaw.hr.HumanResoursesApplicationTests]: class path resource [com/newton/aaw/hr/HumanResoursesApplicationTests-context.xml] does not exist
23:30:02.309 [Test worker] DEBUG org.springframework.test.context.support.AbstractContextLoader - Did not detect default resource location for test class [com.newton.aaw.hr.HumanResoursesApplicationTests]: class path resource [com/newton/aaw/hr/HumanResoursesApplicationTestsContext.groovy] does not exist
23:30:02.309 [Test worker] INFO org.springframework.test.context.support.AbstractContextLoader - Could not detect default resource locations for test class [com.newton.aaw.hr.HumanResoursesApplicationTests]: no resource found for suffixes {-context.xml, Context.groovy}.
23:30:02.310 [Test worker] INFO org.springframework.test.context.support.AnnotationConfigContextLoaderUtils - Could not detect default configuration classes for test class [com.newton.aaw.hr.HumanResoursesApplicationTests]: HumanResoursesApplicationTests does not declare any static, non-private, non-final, nested classes annotated with @Configuration.
23:30:02.354 [Test worker] DEBUG org.springframework.test.context.support.ActiveProfilesUtils - Could not find an 'annotation declaring class' for annotation type [org.springframework.test.context.ActiveProfiles] and class [com.newton.aaw.hr.HumanResoursesApplicationTests]
23:30:02.406 [Test worker] DEBUG org.springframework.context.annotation.ClassPathScanningCandidateComponentProvider - Identified candidate component class: file [D:\Users\Lz.Gui\Google Drive\Newton Paiva\05_Arquiterura de Aplicações Web\Exercício_Arquitetura de App Web\hr\build\classes\java\main\com\newton\aaw\hr\HumanResoursesApplication.class]
23:30:02.407 [Test worker] INFO org.springframework.boot.test.context.SpringBootTestContextBootstrapper - Found @SpringBootConfiguration com.newton.aaw.hr.HumanResoursesApplication for test class com.newton.aaw.hr.HumanResoursesApplicationTests
23:30:02.509 [Test worker] DEBUG org.springframework.boot.test.context.SpringBootTestContextBootstrapper - @TestExecutionListeners is not present for class [com.newton.aaw.hr.HumanResoursesApplicationTests]: using defaults.
23:30:02.509 [Test worker] INFO org.springframework.boot.test.context.SpringBootTestContextBootstrapper - Loaded default TestExecutionListener class names from location [META-INF/spring.factories]: [org.springframework.boot.test.autoconfigure.restdocs.RestDocsTestExecutionListener, org.springframework.boot.test.autoconfigure.web.client.MockRestServiceServerResetTestExecutionListener, org.springframework.boot.test.autoconfigure.web.servlet.MockMvcPrintOnlyOnFailureTestExecutionListener, org.springframework.boot.test.autoconfigure.web.servlet.WebDriverTestExecutionListener, org.springframework.boot.test.autoconfigure.webservices.client.MockWebServiceServerTestExecutionListener, org.springframework.boot.test.mock.mockito.MockitoTestExecutionListener, org.springframework.boot.test.mock.mockito.ResetMocksTestExecutionListener, org.springframework.test.context.web.ServletTestExecutionListener, org.springframework.test.context.support.DirtiesContextBeforeModesTestExecutionListener, org.springframework.test.context.event.ApplicationEventsTestExecutionListener, org.springframework.test.context.support.DependencyInjectionTestExecutionListener, org.springframework.test.context.support.DirtiesContextTestExecutionListener, org.springframework.test.context.transaction.TransactionalTestExecutionListener, org.springframework.test.context.jdbc.SqlScriptsTestExecutionListener, org.springframework.test.context.event.EventPublishingTestExecutionListener]
23:30:02.524 [Test worker] INFO org.springframework.boot.test.context.SpringBootTestContextBootstrapper - Using TestExecutionListeners: [org.springframework.test.context.web.ServletTestExecutionListener@6d2c381e, org.springframework.test.context.support.DirtiesContextBeforeModesTestExecutionListener@1189aace, org.springframework.test.context.event.ApplicationEventsTestExecutionListener@25048b6c, org.springframework.boot.test.mock.mockito.MockitoTestExecutionListener@13bfbfd2, org.springframework.boot.test.autoconfigure.SpringBootDependencyInjectionTestExecutionListener@1f5f9973, org.springframework.test.context.support.DirtiesContextTestExecutionListener@435c9f8c, org.springframework.test.context.transaction.TransactionalTestExecutionListener@42823360, org.springframework.test.context.jdbc.SqlScriptsTestExecutionListener@2c2d55cd, org.springframework.test.context.event.EventPublishingTestExecutionListener@4f5ad53a, org.springframework.boot.test.autoconfigure.restdocs.RestDocsTestExecutionListener@68dd83a2, org.springframework.boot.test.autoconfigure.web.client.MockRestServiceServerResetTestExecutionListener@3b97a4ea, org.springframework.boot.test.autoconfigure.web.servlet.MockMvcPrintOnlyOnFailureTestExecutionListener@7dd21d68, org.springframework.boot.test.autoconfigure.web.servlet.WebDriverTestExecutionListener@64b8f4ed, org.springframework.boot.test.autoconfigure.webservices.client.MockWebServiceServerTestExecutionListener@60fcab4b, org.springframework.boot.test.mock.mockito.ResetMocksTestExecutionListener@66caf34a]
23:30:02.527 [Test worker] DEBUG org.springframework.test.context.support.AbstractDirtiesContextTestExecutionListener - Before test class: context [DefaultTestContext@163d0acb testClass = HumanResoursesApplicationTests, testInstance = [null], testMethod = [null], testException = [null], mergedContextConfiguration = [WebMergedContextConfiguration@7fbc6ec5 testClass = HumanResoursesApplicationTests, locations = '{}', classes = '{class com.newton.aaw.hr.HumanResoursesApplication}', contextInitializerClasses = '[]', activeProfiles = '{}', propertySourceLocations = '{}', propertySourceProperties = '{org.springframework.boot.test.context.SpringBootTestContextBootstrapper=true}', contextCustomizers = set[org.springframework.boot.test.autoconfigure.actuate.metrics.MetricsExportContextCustomizerFactory$DisableMetricExportContextCustomizer@23d1511a, org.springframework.boot.test.autoconfigure.properties.PropertyMappingContextCustomizer@0, org.springframework.boot.test.autoconfigure.web.servlet.WebDriverContextCustomizerFactory$Customizer@44a0be4f, org.springframework.boot.test.context.filter.ExcludeFilterContextCustomizer@680e4f4f, org.springframework.boot.test.json.DuplicateJsonObjectContextCustomizerFactory$DuplicateJsonObjectContextCustomizer@73bb6a2e, org.springframework.boot.test.mock.mockito.MockitoContextCustomizer@0, org.springframework.boot.test.web.client.TestRestTemplateContextCustomizer@4aa3fc83, org.springframework.boot.test.context.SpringBootTestArgs@1, org.springframework.boot.test.context.SpringBootTestWebEnvironment@1158a26c], resourceBasePath = 'src/main/webapp', contextLoader = 'org.springframework.boot.test.context.SpringBootContextLoader', parent = [null]], attributes = map['org.springframework.test.context.web.ServletTestExecutionListener.activateListener' -> true]], class annotated with @DirtiesContext [false] with mode [null].
23:30:02.551 [Test worker] DEBUG org.springframework.test.context.support.TestPropertySourceUtils - Adding inlined properties to environment: {spring.jmx.enabled=false, org.springframework.boot.test.context.SpringBootTestContextBootstrapper=true}

  .   ____          _            __ _ _
 /\\ / ___'_ __ _ _(_)_ __  __ _ \ \ \ \
( ( )\___ | '_ | '_| | '_ \/ _` | \ \ \ \
 \\/  ___)| |_)| | | | | || (_| |  ) ) ) )
  '  |____| .__|_| |_|_| |_\__, | / / / /
 =========|_|==============|___/=/_/_/_/
 :: Spring Boot ::                (v2.5.4)

2021-09-20 23:30:02.802  INFO 3804 --- [    Test worker] c.n.a.hr.HumanResoursesApplicationTests  : Starting HumanResoursesApplicationTests using Java 11.0.12 on LzGui with PID 3804 (started by Lz.Gui in D:\Users\Lz.Gui\Google Drive\Newton Paiva\05_Arquiterura de Aplicações Web\Exercício_Arquitetura de App Web\hr)
2021-09-20 23:30:02.805  INFO 3804 --- [    Test worker] c.n.a.hr.HumanResoursesApplicationTests  : No active profile set, falling back to default profiles: default
2021-09-20 23:30:03.346  INFO 3804 --- [    Test worker] .s.d.r.c.RepositoryConfigurationDelegate : Bootstrapping Spring Data MongoDB repositories in DEFAULT mode.
2021-09-20 23:30:03.396  INFO 3804 --- [    Test worker] .s.d.r.c.RepositoryConfigurationDelegate : Finished Spring Data repository scanning in 46 ms. Found 2 MongoDB repository interfaces.
2021-09-20 23:30:03.766  INFO 3804 --- [    Test worker] org.mongodb.driver.cluster               : Cluster created with settings {hosts=[localhost:27017], mode=SINGLE, requiredClusterType=UNKNOWN, serverSelectionTimeout='30000 ms'}
2021-09-20 23:30:03.832  INFO 3804 --- [localhost:27017] org.mongodb.driver.connection            : Opened connection [connectionId{localValue:1, serverValue:3}] to localhost:27017
2021-09-20 23:30:03.832  INFO 3804 --- [localhost:27017] org.mongodb.driver.connection            : Opened connection [connectionId{localValue:2, serverValue:4}] to localhost:27017
2021-09-20 23:30:03.833  INFO 3804 --- [localhost:27017] org.mongodb.driver.cluster               : Monitor thread successfully connected to server with description ServerDescription{address=localhost:27017, type=STANDALONE, state=CONNECTED, ok=true, minWireVersion=0, maxWireVersion=13, maxDocumentSize=16777216, logicalSessionTimeoutMinutes=30, roundTripTimeNanos=22403100}
2021-09-20 23:30:04.813  INFO 3804 --- [    Test worker] c.n.a.hr.HumanResoursesApplicationTests  : Started HumanResoursesApplicationTests in 2.254 seconds (JVM running for 3.636)
]]></system-out>
  <system-err><![CDATA[]]></system-err>
</testsuite>
