<?xml version="1.0" encoding="UTF-8"?>
<testsuite name="com.newton.aaw.hr.domain.entity.EmployeeTest" tests="1" skipped="0" failures="0" errors="0" timestamp="2021-09-21T02:30:02" hostname="LZGUI" time="0.019">
  <properties/>
  <testcase name="test_createFromDto_withValidDto_shouldCreateOk()" classname="com.newton.aaw.hr.domain.entity.EmployeeTest" time="0.019"/>
  <system-out><![CDATA[]]></system-out>
  <system-err><![CDATA[]]></system-err>
</testsuite>
